Using pre-set license
Built from '2020.3/release' branch; Version is '2020.3.31f1 (6b54b7616050) revision 7034039'; Using compiler version '192528614'; Build Type 'Release'
OS: 'Windows 10  (10.0.19044) 64bit CoreSingleLanguage' Language: 'tr' Physical Memory: 8023 MB
BatchMode: 1, IsHumanControllingUs: 0, StartBugReporterOnCrash: 0, Is64bit: 1, IsPro: 0

COMMAND LINE ARGUMENTS:
C:\Program Files\Unity\Hub\Editor\2020.3.31f1\Editor\Unity.exe
-adb2
-batchMode
-noUpm
-name
AssetImportWorker0
-projectPath
C:/Users/Ongun/Documents/GitHub/game-cleaner/Game Cleaner
-logFile
Logs/AssetImportWorker0.log
-srvPort
51472
Successfully changed project path to: C:/Users/Ongun/Documents/GitHub/game-cleaner/Game Cleaner
C:/Users/Ongun/Documents/GitHub/game-cleaner/Game Cleaner
Using Asset Import Pipeline V2.
Refreshing native plugins compatible for Editor in 39.27 ms, found 2 plugins.
Preloading 0 native plugins for Editor in 0.00 ms.
Initialize engine version: 2020.3.31f1 (6b54b7616050)
[Subsystems] Discovering subsystems at path C:/Program Files/Unity/Hub/Editor/2020.3.31f1/Editor/Data/Resources/UnitySubsystems
[Subsystems] Discovering subsystems at path C:/Users/Ongun/Documents/GitHub/game-cleaner/Game Cleaner/Assets
GfxDevice: creating device client; threaded=0
Direct3D:
    Version:  Direct3D 11.0 [level 11.1]
    Renderer: NVIDIA GeForce GTX 1650 (ID=0x1f99)
    Vendor:   
    VRAM:     3962 MB
    Driver:   27.21.14.5167
Initialize mono
Mono path[0] = 'C:/Program Files/Unity/Hub/Editor/2020.3.31f1/Editor/Data/Managed'
Mono path[1] = 'C:/Program Files/Unity/Hub/Editor/2020.3.31f1/Editor/Data/MonoBleedingEdge/lib/mono/unityjit'
Mono config path = 'C:/Program Files/Unity/Hub/Editor/2020.3.31f1/Editor/Data/MonoBleedingEdge/etc'
Using monoOptions --debugger-agent=transport=dt_socket,embedding=1,server=y,suspend=n,address=127.0.0.1:56964
Begin MonoManager ReloadAssembly
Registering precompiled unity dll's ...
Register platform support module: C:/Program Files/Unity/Hub/Editor/2020.3.31f1/Editor/Data/PlaybackEngines/WindowsStandaloneSupport/UnityEditor.WindowsStandalone.Extensions.dll
Registered in 0.002705 seconds.
Native extension for WindowsStandalone target not found
Refreshing native plugins compatible for Editor in 39.98 ms, found 2 plugins.
Preloading 0 native plugins for Editor in 0.00 ms.
Mono: successfully reloaded assembly
- Completed reload, in  0.845 seconds
Domain Reload Profiling:
	ReloadAssembly (845ms)
		BeginReloadAssembly (92ms)
			ExecutionOrderSort (0ms)
			DisableScriptedObjects (0ms)
			BackupInstance (0ms)
			ReleaseScriptingObjects (0ms)
			CreateAndSetChildDomain (1ms)
		EndReloadAssembly (651ms)
			LoadAssemblies (89ms)
			RebuildTransferFunctionScriptingTraits (0ms)
			SetupTypeCache (206ms)
			ReleaseScriptCaches (0ms)
			RebuildScriptCaches (42ms)
			SetupLoadedEditorAssemblies (205ms)
				LogAssemblyErrors (0ms)
				InitializePlatformSupportModulesInManaged (5ms)
				SetLoadedEditorAssemblies (0ms)
				RefreshPlugins (40ms)
				BeforeProcessingInitializeOnLoad (21ms)
				ProcessInitializeOnLoadAttributes (103ms)
				ProcessInitializeOnLoadMethodAttributes (35ms)
				AfterProcessingInitializeOnLoad (0ms)
				EditorAssembliesLoaded (0ms)
			ExecutionOrderSort2 (0ms)
			AwakeInstancesAfterBackupRestoration (0ms)
Platform modules already initialized, skipping
Registering precompiled user dll's ...
Registered in 0.003936 seconds.
Begin MonoManager ReloadAssembly
Native extension for WindowsStandalone target not found
Refreshing native plugins compatible for Editor in 0.40 ms, found 2 plugins.
Preloading 0 native plugins for Editor in 0.00 ms.
Mono: successfully reloaded assembly
- Completed reload, in  1.350 seconds
Domain Reload Profiling:
	ReloadAssembly (1351ms)
		BeginReloadAssembly (217ms)
			ExecutionOrderSort (0ms)
			DisableScriptedObjects (7ms)
			BackupInstance (0ms)
			ReleaseScriptingObjects (0ms)
			CreateAndSetChildDomain (26ms)
		EndReloadAssembly (1052ms)
			LoadAssemblies (126ms)
			RebuildTransferFunctionScriptingTraits (0ms)
			SetupTypeCache (354ms)
			ReleaseScriptCaches (0ms)
			RebuildScriptCaches (50ms)
			SetupLoadedEditorAssemblies (424ms)
				LogAssemblyErrors (0ms)
				InitializePlatformSupportModulesInManaged (5ms)
				SetLoadedEditorAssemblies (1ms)
				RefreshPlugins (0ms)
				BeforeProcessingInitializeOnLoad (100ms)
				ProcessInitializeOnLoadAttributes (296ms)
				ProcessInitializeOnLoadMethodAttributes (12ms)
				AfterProcessingInitializeOnLoad (9ms)
				EditorAssembliesLoaded (0ms)
			ExecutionOrderSort2 (0ms)
			AwakeInstancesAfterBackupRestoration (8ms)
Platform modules already initialized, skipping
========================================================================
Worker process is ready to serve import requests
Launched and connected shader compiler UnityShaderCompiler.exe after 0.13 seconds
Refreshing native plugins compatible for Editor in 0.46 ms, found 2 plugins.
Preloading 0 native plugins for Editor in 0.00 ms.
Unloading 1506 Unused Serialized files (Serialized files now loaded: 0)
System memory in use before: 68.5 MB.
System memory in use after: 68.6 MB.

Unloading 16 unused Assets to reduce memory usage. Loaded Objects now: 1942.
Total: 4.179000 ms (FindLiveObjects: 0.191700 ms CreateObjectMapping: 0.080800 ms MarkObjects: 3.819100 ms  DeleteObjects: 0.086500 ms)

AssetImportParameters requested are different than current active one (requested -> active):
  custom:framework-win-MediaFoundation: 216162199b28c13a410421893ffa2e32 -> 
  custom:video-decoder-ogg-theora: a1e56fd34408186e4bbccfd4996cb3dc -> 
  custom:container-muxer-webm: aa71ff27fc2769a1b78a27578f13a17b -> 
  custom:container-demuxer-webm: 4f35f7cbe854078d1ac9338744f61a02 -> 
  custom:container-demuxer-ogg: 62fdf1f143b41e24485cea50d1cbac27 -> 
  custom:video-encoder-webm-vp8: eb34c28f22e8b96e1ab97ce403110664 -> 
  custom:video-decoder-webm-vp8: 9c59270c3fd7afecdb556c50c9e8de78 -> 
  custom:audio-decoder-ogg-vorbis: bf7c407c2cedff20999df2af8eb42d56 -> 
  custom:audio-encoder-webm-vorbis: bf7c407c2cedff20999df2af8eb42d56 -> 
========================================================================
Received Import Request.
  path: Assets
  artifactKey: Guid(00000000000000001000000000000000) Importer(815301076,1909f56bfc062723c751e8b465ee728b)
Start importing Assets using Guid(00000000000000001000000000000000) Importer(815301076,1909f56bfc062723c751e8b465ee728b)  -> (artifact id: '42d402b061de3733987d63b9cc3b64de') in 0.012688 seconds 
========================================================================
Received Import Request.
  Time since last request: 2.786001 seconds.
  path: Assets/Prefabs
  artifactKey: Guid(d1720b061f08a754cbc25b3f24bbaae3) Importer(815301076,1909f56bfc062723c751e8b465ee728b)
Start importing Assets/Prefabs using Guid(d1720b061f08a754cbc25b3f24bbaae3) Importer(815301076,1909f56bfc062723c751e8b465ee728b)  -> (artifact id: '98f71c5a880b9a7f304624240649c708') in 0.010896 seconds 
========================================================================
Received Import Request.
  Time since last request: 10.955964 seconds.
  path: Assets/Materials
  artifactKey: Guid(b5bab3188cdcae8459dafcc1897f9ff5) Importer(815301076,1909f56bfc062723c751e8b465ee728b)
Start importing Assets/Materials using Guid(b5bab3188cdcae8459dafcc1897f9ff5) Importer(815301076,1909f56bfc062723c751e8b465ee728b)  -> (artifact id: '2f7f1e35863d4dedb299b2d7cc810219') in 0.014528 seconds 
========================================================================
Received Import Request.
  Time since last request: 9.629744 seconds.
  path: Assets/Scripts
  artifactKey: Guid(7e8702e37787c7a4791005bf2a46c6d9) Importer(815301076,1909f56bfc062723c751e8b465ee728b)
Start importing Assets/Scripts using Guid(7e8702e37787c7a4791005bf2a46c6d9) Importer(815301076,1909f56bfc062723c751e8b465ee728b)  -> (artifact id: '7f91734204dbb7bf0eeba268c91de3d1') in 0.025821 seconds 
========================================================================
Received Import Request.
  Time since last request: 13.212156 seconds.
  path: Assets/Materials/red.mat
  artifactKey: Guid(933184fd7e6c7014ea52839b0938eb6f) Importer(815301076,1909f56bfc062723c751e8b465ee728b)
Start importing Assets/Materials/red.mat using Guid(933184fd7e6c7014ea52839b0938eb6f) Importer(815301076,1909f56bfc062723c751e8b465ee728b)  -> (artifact id: '3253e6fc6e1ce03599dfc9c5f9a60ed6') in 0.248896 seconds 
========================================================================
Received Import Request.
  Time since last request: 9.397762 seconds.
  path: Assets/Materials/blue.mat
  artifactKey: Guid(d1f1d300d07a282479f62415e5af3e32) Importer(815301076,1909f56bfc062723c751e8b465ee728b)
Start importing Assets/Materials/blue.mat using Guid(d1f1d300d07a282479f62415e5af3e32) Importer(815301076,1909f56bfc062723c751e8b465ee728b)  -> (artifact id: '5c41a73b694e54542bc0b2d44c679f98') in 0.033741 seconds 
========================================================================
Received Import Request.
  Time since last request: 10.069840 seconds.
  path: Assets/Materials/gray.mat
  artifactKey: Guid(53c6226f41331ac4fa4918b022889fe5) Importer(815301076,1909f56bfc062723c751e8b465ee728b)
Start importing Assets/Materials/gray.mat using Guid(53c6226f41331ac4fa4918b022889fe5) Importer(815301076,1909f56bfc062723c751e8b465ee728b)  -> (artifact id: '20371e67bc143cd6e7dedf8ef2bb1d20') in 0.038732 seconds 
========================================================================
Received Import Request.
  Time since last request: 105.918874 seconds.
  path: Assets/Materials/blue.mat
  artifactKey: Guid(d1f1d300d07a282479f62415e5af3e32) Importer(815301076,1909f56bfc062723c751e8b465ee728b)
Start importing Assets/Materials/blue.mat using Guid(d1f1d300d07a282479f62415e5af3e32) Importer(815301076,1909f56bfc062723c751e8b465ee728b)  -> (artifact id: 'cc5677f5bbbb4e90de1acd951c8f66a6') in 0.062671 seconds 
========================================================================
Received Import Request.
  Time since last request: 0.000940 seconds.
  path: Assets/Materials/gray.mat
  artifactKey: Guid(53c6226f41331ac4fa4918b022889fe5) Importer(815301076,1909f56bfc062723c751e8b465ee728b)
Start importing Assets/Materials/gray.mat using Guid(53c6226f41331ac4fa4918b022889fe5) Importer(815301076,1909f56bfc062723c751e8b465ee728b)  -> (artifact id: '97e86b11532c335c2ab75dcf2c561d46') in 0.044941 seconds 
========================================================================
Received Import Request.
  Time since last request: 0.000962 seconds.
  path: Assets/Materials/red.mat
  artifactKey: Guid(933184fd7e6c7014ea52839b0938eb6f) Importer(815301076,1909f56bfc062723c751e8b465ee728b)
Start importing Assets/Materials/red.mat using Guid(933184fd7e6c7014ea52839b0938eb6f) Importer(815301076,1909f56bfc062723c751e8b465ee728b)  -> (artifact id: '9905a1f0d72bf72bf3a98163326e63e6') in 0.050938 seconds 
AssetImportWorkerClient::OnTransportError - code=2 error=End of file
